#H2,O,H,O2,OH,H2O,
6.0 0.0 0.01 3.0 0.0 0.0 
6.0 2.98653E-5 0.00997018 2.99997 2.999976E-5 4.499978E-8 
5.999999 8.879577E-5 0.009911609 2.99991 8.999624E-5 4.049904E-7 
5.999993 2.0353E-4 0.009798675 2.999792 2.099627E-4 2.204789E-6 
5.999971 4.210636E-4 0.009589058 2.99956 4.496831E-4 1.012123E-5 
5.999932 6.2372E-4 0.009400066 2.999332 6.889368E-4 2.378568E-5 
5.999878 8.126669E-4 0.009230518 2.999108 9.275332E-4 4.318447E-5 
5.999809 9.889902E-4 0.00907931 2.998889 0.001165312 6.82997E-5 
5.999727 0.0011537 0.00894541 2.998673 0.001402142 9.910992E-5 
5.999632 0.001307735 0.008827856 2.998459 0.001637917 1.355908E-4 
5.999523 0.001451969 0.008725747 2.998249 0.001872552 1.777157E-4 
5.999402 0.001587214 0.008638243 2.998041 0.002105987 2.254562E-4 
5.99927 0.001714224 0.008564559 2.997834 0.002338179 2.787826E-4 
5.999126 0.001833701 0.008503964 2.99763 0.002569103 3.376645E-4 
5.998971 0.001946297 0.008455774 2.997426 0.002798749 4.020708E-4 
5.998805 0.002052618 0.008419353 2.997224 0.003027123 4.719705E-4 
5.998628 0.002153227 0.008394106 2.997023 0.003254242 5.473329E-4 
5.998442 0.002248647 0.008379481 2.996822 0.003480136 6.281277E-4 
5.998246 0.002339365 0.008374961 2.996621 0.003704846 7.143256E-4 
5.99804 0.002425831 0.008380067 2.99642 0.00392842 8.058981E-4 
5.997825 0.002508466 0.008394352 2.996219 0.004150918 9.028183E-4 
5.9976 0.00258766 0.008417401 2.996017 0.004372405 0.00100506 
5.997367 0.002663774 0.008448827 2.995815 0.004592953 0.001112601 
5.997124 0.002737144 0.008488273 2.995612 0.00481264 0.001225417 
5.996873 0.002808084 0.008535405 2.995408 0.005031551 0.001343489 
5.996613 0.002876883 0.008589914 2.995203 0.005249773 0.001466798 
5.996345 0.002943812 0.008651516 2.994997 0.0054674 0.001595329 
5.996069 0.00300912 0.008719946 2.994789 0.005684526 0.001729067 
5.995784 0.003073041 0.00879496 2.994579 0.005901252 0.001868001 
5.99519 0.003197571 0.008963853 2.994154 0.006333913 0.002161424 
5.994563 0.003318957 0.009156598 2.99372 0.006766221 0.002475555 
5.993904 0.003438544 0.009371848 2.993276 0.007199046 0.002810392 
5.993213 0.003557497 0.009608477 2.992822 0.007633273 0.003165973 
5.99249 0.003676827 0.009865555 2.992355 0.0080698 0.003542382 
5.991734 0.003797415 0.01014233 2.991877 0.008509532 0.003939742 
5.990946 0.003920029 0.01043819 2.991384 0.008953376 0.004358222 
5.989269 0.004173947 0.01108548 2.990355 0.009857021 0.005259426 
5.987455 0.004443081 0.01180511 2.98926 0.01078795 0.006248195 
5.985498 0.004731013 0.01259639 2.988094 0.0117533 0.007327406 
5.983389 0.005040692 0.01345992 2.986849 0.01276014 0.008500608 
5.981122 0.00537465 0.01439736 2.985519 0.01381548 0.00977201 
5.978685 0.005735156 0.01541132 2.984096 0.0149263 0.01114647 
5.976068 0.006124341 0.01650518 2.982573 0.01609962 0.01262952 
5.97326 0.006544279 0.01768302 2.980943 0.0173425 0.0142273 
5.970247 0.006997062 0.0189496 2.979197 0.01866212 0.01594666 
5.967017 0.007484843 0.02031024 2.977327 0.02006584 0.01779508 
5.963553 0.008009878 0.02177085 2.975324 0.02156121 0.01978073 
5.959841 0.008574556 0.02333793 2.973178 0.02315607 0.02191248 
5.955862 0.009181421 0.02501851 2.97088 0.02485857 0.02419993 
5.951598 0.009833195 0.02682021 2.968418 0.0266772 0.0266534 
5.94703 0.01053279 0.02875122 2.965781 0.02862087 0.02928401 
5.942137 0.01128332 0.03082034 2.962957 0.03069896 0.03210367 
5.936896 0.01208814 0.03303699 2.959933 0.03292132 0.03512513 
5.931283 0.0129508 0.03541123 2.956694 0.03529836 0.03836203 
5.925274 0.01387513 0.03795381 2.953227 0.03784106 0.04182893 
5.91884 0.01486519 0.04067616 2.949516 0.04056105 0.04554135 
5.911954 0.01592534 0.04359047 2.945544 0.04347062 0.04951581 
5.909931 0.01623676 0.04444647 2.944378 0.04432485 0.05068322 
